<?xml version="1.0" encoding="UTF-8"?>
<!-- Generated by org.testng.reporters.JUnitReportReporter -->
<testsuite skipped="0" hostname="SoftKing" name="simpleGoogleTest.TestGoogle" tests="4" failures="0" timestamp="2021-06-21T15:01:09 IST" time="28.151" errors="0">
  <testcase name="openGoogle" time="7.497" classname="simpleGoogleTest.TestGoogle"/>
  <system-out/>
  <testcase name="searchGoogle" time="5.502" classname="simpleGoogleTest.TestGoogle"/>
  <system-out/>
  <testcase name="selectingPage" time="10.672" classname="simpleGoogleTest.TestGoogle"/>
  <system-out/>
  <testcase name="closingBrowser" time="4.480" classname="simpleGoogleTest.TestGoogle"/>
  <system-out/>
</testsuite> <!-- simpleGoogleTest.TestGoogle -->
